<?xml version="1.0" encoding="UTF-8"?>
<!-- Generated by org.testng.reporters.JUnitReportReporter -->
<testsuite hostname="LAPTOP-4K258LJ4" failures="0" tests="1" name="cap.test.NewTestShadow" time="2.908" errors="0" timestamp="2025-08-22T18:55:31 IST" skipped="0">
  <testcase classname="cap.test.NewTestShadow" name="f" time="2.908"/>
</testsuite> <!-- cap.test.NewTestShadow -->
