<?xml version="1.0" encoding="UTF-8"?>
<!-- Generated by org.testng.reporters.JUnitReportReporter -->
<testsuite hostname="LAPTOP-4K258LJ4" failures="0" tests="1" name="cap.test.NewTest" time="23.196" errors="0" timestamp="2025-08-22T08:15:44 IST" skipped="0">
  <testcase classname="cap.test.NewTest" name="f" time="23.196"/>
</testsuite> <!-- cap.test.NewTest -->
