<?xml version="1.0" encoding="UTF-8"?>
<!-- Generated by org.testng.reporters.JUnitReportReporter -->
<testsuite hostname="LAPTOP-4K258LJ4" failures="0" tests="4" name="com.testng.NewTest2" time="0.016" errors="0" timestamp="2025-08-22T09:02:13 IST" skipped="0">
  <testcase classname="com.testng.NewTest2" name="ctest" time="0.004"/>
  <testcase classname="com.testng.NewTest2" name="ctest" time="0.003"/>
  <testcase classname="com.testng.NewTest2" name="ctest" time="0.004"/>
  <testcase classname="com.testng.NewTest2" name="atest" time="0.005"/>
</testsuite> <!-- com.testng.NewTest2 -->
