<?xml version="1.0" encoding="UTF-8"?>
<!-- Generated by org.testng.reporters.JUnitReportReporter -->
<testsuite hostname="LAPTOP-4K258LJ4" failures="0" tests="2" name="com.testng.NewTest" time="0.028" errors="0" timestamp="2025-08-22T09:59:22 IST" skipped="0">
  <testcase classname="com.testng.NewTest" name="test1" time="0.006"/>
  <testcase classname="com.testng.NewTest" name="test2" time="0.022"/>
</testsuite> <!-- com.testng.NewTest -->
